<?xml version="1.0" encoding="UTF-8"?>
<testng-results ignored="0" total="2" passed="2" failed="0" skipped="0">
  <reporter-output>
  </reporter-output>
  <suite started-at="2025-03-26T10:06:12 IST" name="Suite" finished-at="2025-03-26T10:06:38 IST" duration-ms="25766">
    <groups>
      <group name="Sanity">
        <method signature="TC_003.LE_003()[pri:0, instance:testCaseRepo.TC_003@2f9f7dcf]" name="LE_003" class="testCaseRepo.TC_003"/>
      </group> <!-- Sanity -->
      <group name="Regression">
        <method signature="TC_002.LE_002()[pri:0, instance:testCaseRepo.TC_002@79924b]" name="LE_002" class="testCaseRepo.TC_002"/>
        <method signature="TC_003.LE_003()[pri:0, instance:testCaseRepo.TC_003@2f9f7dcf]" name="LE_003" class="testCaseRepo.TC_003"/>
      </group> <!-- Regression -->
    </groups>
    <test started-at="2025-03-26T10:06:12 IST" name="Test1" finished-at="2025-03-26T10:06:37 IST" duration-ms="24547">
      <class name="testCaseRepo.TC_002">
        <test-method is-config="true" signature="launchBrowser(java.lang.String)[pri:0, instance:testCaseRepo.TC_002@79924b]" started-at="2025-03-26T10:06:12 IST" name="launchBrowser" finished-at="2025-03-26T10:06:16 IST" duration-ms="3880" status="PASS">
          <params>
            <param index="0">
              <value>
                <![CDATA[chrome]]>
              </value>
            </param>
          </params>
          <reporter-output>
          </reporter-output>
        </test-method> <!-- launchBrowser -->
        <test-method is-config="true" signature="loginOperation()[pri:0, instance:testCaseRepo.TC_002@79924b]" started-at="2025-03-26T10:06:16 IST" name="loginOperation" finished-at="2025-03-26T10:06:20 IST" duration-ms="3561" status="PASS">
          <reporter-output>
          </reporter-output>
        </test-method> <!-- loginOperation -->
        <test-method signature="LE_002()[pri:0, instance:testCaseRepo.TC_002@79924b]" started-at="2025-03-26T10:06:20 IST" name="LE_002" finished-at="2025-03-26T10:06:35 IST" duration-ms="14936" status="PASS">
          <reporter-output>
          </reporter-output>
        </test-method> <!-- LE_002 -->
        <test-method is-config="true" signature="logOutOperation()[pri:0, instance:testCaseRepo.TC_002@79924b]" started-at="2025-03-26T10:06:35 IST" name="logOutOperation" finished-at="2025-03-26T10:06:37 IST" duration-ms="1707" status="PASS">
          <reporter-output>
          </reporter-output>
        </test-method> <!-- logOutOperation -->
        <test-method is-config="true" signature="closeBrowser()[pri:0, instance:testCaseRepo.TC_002@79924b]" started-at="2025-03-26T10:06:37 IST" name="closeBrowser" finished-at="2025-03-26T10:06:37 IST" duration-ms="395" status="PASS">
          <reporter-output>
          </reporter-output>
        </test-method> <!-- closeBrowser -->
      </class> <!-- testCaseRepo.TC_002 -->
    </test> <!-- Test1 -->
    <test started-at="2025-03-26T10:06:12 IST" name="Test2" finished-at="2025-03-26T10:06:38 IST" duration-ms="25766">
      <class name="testCaseRepo.TC_003">
        <test-method is-config="true" signature="dbConnection()[pri:0, instance:testCaseRepo.TC_003@2f9f7dcf]" started-at="2025-03-26T10:06:12 IST" name="dbConnection" finished-at="2025-03-26T10:06:12 IST" duration-ms="17" status="PASS">
          <reporter-output>
          </reporter-output>
        </test-method> <!-- dbConnection -->
        <test-method is-config="true" signature="launchBrowser(java.lang.String)[pri:0, instance:testCaseRepo.TC_003@2f9f7dcf]" started-at="2025-03-26T10:06:12 IST" name="launchBrowser" finished-at="2025-03-26T10:06:16 IST" duration-ms="3937" status="PASS">
          <params>
            <param index="0">
              <value>
                <![CDATA[edge]]>
              </value>
            </param>
          </params>
          <reporter-output>
          </reporter-output>
        </test-method> <!-- launchBrowser -->
        <test-method is-config="true" signature="loginOperation()[pri:0, instance:testCaseRepo.TC_003@2f9f7dcf]" started-at="2025-03-26T10:06:16 IST" name="loginOperation" finished-at="2025-03-26T10:06:20 IST" duration-ms="3547" status="PASS">
          <reporter-output>
          </reporter-output>
        </test-method> <!-- loginOperation -->
        <test-method signature="LE_003()[pri:0, instance:testCaseRepo.TC_003@2f9f7dcf]" started-at="2025-03-26T10:06:20 IST" name="LE_003" finished-at="2025-03-26T10:06:35 IST" duration-ms="15156" status="PASS">
          <reporter-output>
          </reporter-output>
        </test-method> <!-- LE_003 -->
        <test-method is-config="true" signature="logOutOperation()[pri:0, instance:testCaseRepo.TC_003@2f9f7dcf]" started-at="2025-03-26T10:06:35 IST" name="logOutOperation" finished-at="2025-03-26T10:06:37 IST" duration-ms="1619" status="PASS">
          <reporter-output>
          </reporter-output>
        </test-method> <!-- logOutOperation -->
        <test-method is-config="true" signature="closeBrowser()[pri:0, instance:testCaseRepo.TC_003@2f9f7dcf]" started-at="2025-03-26T10:06:37 IST" name="closeBrowser" finished-at="2025-03-26T10:06:38 IST" duration-ms="1475" status="PASS">
          <reporter-output>
          </reporter-output>
        </test-method> <!-- closeBrowser -->
        <test-method is-config="true" signature="closeDBConnection()[pri:0, instance:testCaseRepo.TC_003@2f9f7dcf]" started-at="2025-03-26T10:06:38 IST" name="closeDBConnection" finished-at="2025-03-26T10:06:38 IST" duration-ms="2" status="PASS">
          <reporter-output>
          </reporter-output>
        </test-method> <!-- closeDBConnection -->
      </class> <!-- testCaseRepo.TC_003 -->
    </test> <!-- Test2 -->
  </suite> <!-- Suite -->
</testng-results>
