<?xml version="1.0" encoding="UTF-8"?>
<testng-results ignored="0" total="2" passed="2" failed="0" skipped="0">
  <reporter-output>
  </reporter-output>
  <suite started-at="2025-04-02T09:26:37 IST" name="Suite" finished-at="2025-04-02T09:28:14 IST" duration-ms="96626">
    <groups>
      <group name="Sanity">
        <method signature="TC_003.LE_003()[pri:0, instance:testCaseRepo.TC_003@305b7c14]" name="LE_003" class="testCaseRepo.TC_003"/>
      </group> <!-- Sanity -->
      <group name="Regression">
        <method signature="TC_002.LE_002()[pri:0, instance:testCaseRepo.TC_002@62ddbd7e]" name="LE_002" class="testCaseRepo.TC_002"/>
        <method signature="TC_003.LE_003()[pri:0, instance:testCaseRepo.TC_003@305b7c14]" name="LE_003" class="testCaseRepo.TC_003"/>
      </group> <!-- Regression -->
    </groups>
    <test started-at="2025-04-02T09:26:37 IST" name="Test2" finished-at="2025-04-02T09:27:43 IST" duration-ms="65658">
      <class name="testCaseRepo.TC_003">
        <test-method is-config="true" signature="dbConnection()[pri:0, instance:testCaseRepo.TC_003@305b7c14]" started-at="2025-04-02T09:26:37 IST" name="dbConnection" finished-at="2025-04-02T09:26:37 IST" duration-ms="18" status="PASS">
          <reporter-output>
          </reporter-output>
        </test-method> <!-- dbConnection -->
        <test-method is-config="true" signature="launchBrowser(java.lang.String)[pri:0, instance:testCaseRepo.TC_003@305b7c14]" started-at="2025-04-02T09:26:37 IST" name="launchBrowser" finished-at="2025-04-02T09:27:21 IST" duration-ms="43615" status="PASS">
          <params>
            <param index="0">
              <value>
                <![CDATA[edge]]>
              </value>
            </param>
          </params>
          <reporter-output>
          </reporter-output>
        </test-method> <!-- launchBrowser -->
        <test-method is-config="true" signature="loginOperation()[pri:0, instance:testCaseRepo.TC_003@305b7c14]" started-at="2025-04-02T09:27:21 IST" name="loginOperation" finished-at="2025-04-02T09:27:26 IST" duration-ms="5790" status="PASS">
          <reporter-output>
          </reporter-output>
        </test-method> <!-- loginOperation -->
        <test-method signature="LE_003()[pri:0, instance:testCaseRepo.TC_003@305b7c14]" started-at="2025-04-02T09:27:26 IST" name="LE_003" finished-at="2025-04-02T09:27:40 IST" duration-ms="13130" status="PASS">
          <reporter-output>
          </reporter-output>
        </test-method> <!-- LE_003 -->
        <test-method is-config="true" signature="logOutOperation()[pri:0, instance:testCaseRepo.TC_003@305b7c14]" started-at="2025-04-02T09:27:40 IST" name="logOutOperation" finished-at="2025-04-02T09:27:41 IST" duration-ms="1508" status="PASS">
          <reporter-output>
          </reporter-output>
        </test-method> <!-- logOutOperation -->
        <test-method is-config="true" signature="closeBrowser()[pri:0, instance:testCaseRepo.TC_003@305b7c14]" started-at="2025-04-02T09:27:41 IST" name="closeBrowser" finished-at="2025-04-02T09:27:43 IST" duration-ms="1534" status="PASS">
          <reporter-output>
          </reporter-output>
        </test-method> <!-- closeBrowser -->
        <test-method is-config="true" signature="closeDBConnection()[pri:0, instance:testCaseRepo.TC_003@305b7c14]" started-at="2025-04-02T09:28:14 IST" name="closeDBConnection" finished-at="2025-04-02T09:28:14 IST" duration-ms="1" status="PASS">
          <reporter-output>
          </reporter-output>
        </test-method> <!-- closeDBConnection -->
      </class> <!-- testCaseRepo.TC_003 -->
    </test> <!-- Test2 -->
    <test started-at="2025-04-02T09:26:37 IST" name="Test1" finished-at="2025-04-02T09:28:14 IST" duration-ms="96626">
      <class name="testCaseRepo.TC_002">
        <test-method is-config="true" signature="launchBrowser(java.lang.String)[pri:0, instance:testCaseRepo.TC_002@62ddbd7e]" started-at="2025-04-02T09:26:37 IST" name="launchBrowser" finished-at="2025-04-02T09:27:45 IST" duration-ms="67882" status="PASS">
          <params>
            <param index="0">
              <value>
                <![CDATA[chrome]]>
              </value>
            </param>
          </params>
          <reporter-output>
          </reporter-output>
        </test-method> <!-- launchBrowser -->
        <test-method is-config="true" signature="loginOperation()[pri:0, instance:testCaseRepo.TC_002@62ddbd7e]" started-at="2025-04-02T09:27:45 IST" name="loginOperation" finished-at="2025-04-02T09:27:48 IST" duration-ms="2702" status="PASS">
          <reporter-output>
          </reporter-output>
        </test-method> <!-- loginOperation -->
        <test-method signature="LE_002()[pri:0, instance:testCaseRepo.TC_002@62ddbd7e]" started-at="2025-04-02T09:27:48 IST" name="LE_002" finished-at="2025-04-02T09:27:55 IST" duration-ms="7790" status="PASS">
          <reporter-output>
          </reporter-output>
        </test-method> <!-- LE_002 -->
        <test-method is-config="true" signature="logOutOperation()[pri:0, instance:testCaseRepo.TC_002@62ddbd7e]" started-at="2025-04-02T09:27:55 IST" name="logOutOperation" finished-at="2025-04-02T09:28:13 IST" duration-ms="17905" status="FAIL">
          <exception class="org.openqa.selenium.ElementNotInteractableException">
            <message>
              <![CDATA[element not interactable
  (Session info: chrome=135.0.7049.41)
Build info: version: '4.27.0', revision: 'd6e718d134'
System info: os.name: 'Windows 11', os.arch: 'amd64', os.version: '10.0', java.version: '18'
Driver info: org.openqa.selenium.chrome.ChromeDriver
Command: [26da15b2cbeb2b3e3a9a6fc4ce0ad850, clickElement {id=f.6854D70F1ADC5242D88DB243624B888F.d.C208B576E6ED24692DC738FB9C795C05.e.294}]
Capabilities {acceptInsecureCerts: false, browserName: chrome, browserVersion: 135.0.7049.41, chrome: {chromedriverVersion: 135.0.7049.42 (0f351bbd2617..., userDataDir: C:\Users\DHIVYA~1\AppData\L...}, fedcm:accounts: true, goog:chromeOptions: {debuggerAddress: localhost:62121}, networkConnectionEnabled: false, pageLoadStrategy: normal, platformName: windows, proxy: Proxy(), se:cdp: ws://localhost:62121/devtoo..., se:cdpVersion: 135.0.7049.41, setWindowRect: true, strictFileInteractability: false, timeouts: {implicit: 0, pageLoad: 300000, script: 30000}, unhandledPromptBehavior: dismiss and notify, webauthn:extension:credBlob: true, webauthn:extension:largeBlob: true, webauthn:extension:minPinLength: true, webauthn:extension:prf: true, webauthn:virtualAuthenticators: true}
Element: [[ChromeDriver: chrome on windows (26da15b2cbeb2b3e3a9a6fc4ce0ad850)] -> xpath: //a[text()='Sign Out']]
Session ID: 26da15b2cbeb2b3e3a9a6fc4ce0ad850]]>
            </message>
            <full-stacktrace>
              <![CDATA[org.openqa.selenium.ElementNotInteractableException: element not interactable
  (Session info: chrome=135.0.7049.41)
Build info: version: '4.27.0', revision: 'd6e718d134'
System info: os.name: 'Windows 11', os.arch: 'amd64', os.version: '10.0', java.version: '18'
Driver info: org.openqa.selenium.chrome.ChromeDriver
Command: [26da15b2cbeb2b3e3a9a6fc4ce0ad850, clickElement {id=f.6854D70F1ADC5242D88DB243624B888F.d.C208B576E6ED24692DC738FB9C795C05.e.294}]
Capabilities {acceptInsecureCerts: false, browserName: chrome, browserVersion: 135.0.7049.41, chrome: {chromedriverVersion: 135.0.7049.42 (0f351bbd2617..., userDataDir: C:\Users\DHIVYA~1\AppData\L...}, fedcm:accounts: true, goog:chromeOptions: {debuggerAddress: localhost:62121}, networkConnectionEnabled: false, pageLoadStrategy: normal, platformName: windows, proxy: Proxy(), se:cdp: ws://localhost:62121/devtoo..., se:cdpVersion: 135.0.7049.41, setWindowRect: true, strictFileInteractability: false, timeouts: {implicit: 0, pageLoad: 300000, script: 30000}, unhandledPromptBehavior: dismiss and notify, webauthn:extension:credBlob: true, webauthn:extension:largeBlob: true, webauthn:extension:minPinLength: true, webauthn:extension:prf: true, webauthn:virtualAuthenticators: true}
Element: [[ChromeDriver: chrome on windows (26da15b2cbeb2b3e3a9a6fc4ce0ad850)] -> xpath: //a[text()='Sign Out']]
Session ID: 26da15b2cbeb2b3e3a9a6fc4ce0ad850
at java.base/jdk.internal.reflect.DirectConstructorHandleAccessor.newInstance(DirectConstructorHandleAccessor.java:67)
at java.base/java.lang.reflect.Constructor.newInstanceWithCaller(Constructor.java:499)
at java.base/java.lang.reflect.Constructor.newInstance(Constructor.java:483)
at org.openqa.selenium.remote.ErrorCodec.decode(ErrorCodec.java:167)
at org.openqa.selenium.remote.codec.w3c.W3CHttpResponseCodec.decode(W3CHttpResponseCodec.java:138)
at org.openqa.selenium.remote.codec.w3c.W3CHttpResponseCodec.decode(W3CHttpResponseCodec.java:50)
at org.openqa.selenium.remote.HttpCommandExecutor.execute(HttpCommandExecutor.java:190)
at org.openqa.selenium.remote.service.DriverCommandExecutor.invokeExecute(DriverCommandExecutor.java:216)
at org.openqa.selenium.remote.service.DriverCommandExecutor.execute(DriverCommandExecutor.java:174)
at org.openqa.selenium.remote.RemoteWebDriver.execute(RemoteWebDriver.java:545)
at org.openqa.selenium.remote.RemoteWebElement.execute(RemoteWebElement.java:223)
at org.openqa.selenium.remote.RemoteWebElement.click(RemoteWebElement.java:76)
at java.base/jdk.internal.reflect.DirectMethodHandleAccessor.invoke(DirectMethodHandleAccessor.java:104)
at java.base/java.lang.reflect.Method.invoke(Method.java:577)
at org.openqa.selenium.support.pagefactory.internal.LocatingElementHandler.invoke(LocatingElementHandler.java:51)
at jdk.proxy2/jdk.proxy2.$Proxy18.click(Unknown Source)
at objectRepo.HomePage.clickAccountsMenu(HomePage.java:54)
at genericUtility.BaseClass.logOutOperation(BaseClass.java:75)
at java.base/jdk.internal.reflect.DirectMethodHandleAccessor.invoke(DirectMethodHandleAccessor.java:104)
at java.base/java.lang.reflect.Method.invoke(Method.java:577)
at org.testng.internal.invokers.MethodInvocationHelper.invokeMethod(MethodInvocationHelper.java:141)
at org.testng.internal.invokers.MethodInvocationHelper.invokeMethodConsideringTimeout(MethodInvocationHelper.java:71)
at org.testng.internal.invokers.ConfigInvoker.invokeConfigurationMethod(ConfigInvoker.java:400)
at org.testng.internal.invokers.ConfigInvoker.invokeConfigurations(ConfigInvoker.java:333)
at org.testng.internal.invokers.TestInvoker.runConfigMethods(TestInvoker.java:836)
at org.testng.internal.invokers.TestInvoker.runAfterConfigurations(TestInvoker.java:805)
at org.testng.internal.invokers.TestInvoker.invokeMethod(TestInvoker.java:781)
at org.testng.internal.invokers.TestInvoker.invokeTestMethod(TestInvoker.java:230)
at org.testng.internal.invokers.MethodRunner.runInSequence(MethodRunner.java:63)
at org.testng.internal.invokers.TestInvoker$MethodInvocationAgent.invoke(TestInvoker.java:995)
at org.testng.internal.invokers.TestInvoker.invokeTestMethods(TestInvoker.java:203)
at org.testng.internal.invokers.TestMethodWorker.invokeTestMethods(TestMethodWorker.java:154)
at org.testng.internal.invokers.TestMethodWorker.run(TestMethodWorker.java:134)
at java.base/java.util.ArrayList.forEach(ArrayList.java:1511)
at org.testng.TestRunner.privateRun(TestRunner.java:741)
at org.testng.TestRunner.run(TestRunner.java:616)
at org.testng.SuiteRunner.runTest(SuiteRunner.java:421)
at org.testng.SuiteRunner$SuiteWorker.run(SuiteRunner.java:463)
at org.testng.internal.thread.ThreadUtil.lambda$execute$0(ThreadUtil.java:64)
at java.base/java.util.concurrent.FutureTask.run(FutureTask.java:264)
at java.base/java.util.concurrent.ThreadPoolExecutor.runWorker(ThreadPoolExecutor.java:1136)
at java.base/java.util.concurrent.ThreadPoolExecutor$Worker.run(ThreadPoolExecutor.java:635)
at java.base/java.lang.Thread.run(Thread.java:833)
]]>
            </full-stacktrace>
          </exception> <!-- org.openqa.selenium.ElementNotInteractableException -->
          <reporter-output>
          </reporter-output>
        </test-method> <!-- logOutOperation -->
        <test-method is-config="true" signature="closeBrowser()[pri:0, instance:testCaseRepo.TC_002@62ddbd7e]" started-at="2025-04-02T09:28:13 IST" name="closeBrowser" finished-at="2025-04-02T09:28:14 IST" duration-ms="293" status="PASS">
          <reporter-output>
          </reporter-output>
        </test-method> <!-- closeBrowser -->
      </class> <!-- testCaseRepo.TC_002 -->
    </test> <!-- Test1 -->
  </suite> <!-- Suite -->
</testng-results>
